<?xml version="1.0" encoding="UTF-8"?>
<robot generator="Robot 6.1.1 (Python 3.10.12 on linux)" generated="20231115 19:46:39.944" rpa="false" schemaversion="4">
<suite id="s1" name="Register" source="/home/adsalmin/ohtu/palautusrepositorio/viikko3/web-login/src/tests/register.robot">
<kw name="Open And Configure Browser" library="resource" type="SETUP">
<kw name="Evaluate" library="BuiltIn">
<var>${options}</var>
<arg>sys.modules['selenium.webdriver'].ChromeOptions()</arg>
<arg>sys</arg>
<doc>Evaluates the given expression in Python and returns the result.</doc>
<msg timestamp="20231115 19:46:40.043" level="INFO">${options} = &lt;selenium.webdriver.chrome.options.Options object at 0x7f7596f6ff70&gt;</msg>
<status status="PASS" starttime="20231115 19:46:40.042" endtime="20231115 19:46:40.043"/>
</kw>
<kw name="Open Browser" library="SeleniumLibrary">
<arg>browser=chrome</arg>
<arg>options=${options}</arg>
<doc>Opens a new browser instance to the optional ``url``.</doc>
<msg timestamp="20231115 19:46:40.043" level="INFO">Opening browser 'chrome' to base url 'None'.</msg>
<status status="PASS" starttime="20231115 19:46:40.043" endtime="20231115 19:46:40.903"/>
</kw>
<kw name="Set Selenium Speed" library="SeleniumLibrary">
<arg>${DELAY}</arg>
<doc>Sets the delay that is waited after each Selenium command.</doc>
<status status="PASS" starttime="20231115 19:46:40.903" endtime="20231115 19:46:40.904"/>
</kw>
<status status="PASS" starttime="20231115 19:46:40.042" endtime="20231115 19:46:40.904"/>
</kw>
<test id="s1-t1" name="Register With Valid Username And Password" line="8">
<kw name="Go To Register Page" library="resource" type="SETUP">
<kw name="Go To" library="SeleniumLibrary">
<arg>${REGISTER_URL}</arg>
<doc>Navigates the current browser window to the provided ``url``.</doc>
<msg timestamp="20231115 19:46:40.905" level="INFO">Opening url 'http://localhost:5001/register'</msg>
<status status="PASS" starttime="20231115 19:46:40.905" endtime="20231115 19:46:41.181"/>
</kw>
<status status="PASS" starttime="20231115 19:46:40.904" endtime="20231115 19:46:41.181"/>
</kw>
<kw name="Set Username">
<arg>arttu</arg>
<kw name="Input Text" library="SeleniumLibrary">
<arg>username</arg>
<arg>${username}</arg>
<doc>Types the given ``text`` into the text field identified by ``locator``.</doc>
<msg timestamp="20231115 19:46:41.183" level="INFO">Typing text 'arttu' into text field 'username'.</msg>
<status status="PASS" starttime="20231115 19:46:41.182" endtime="20231115 19:46:41.921"/>
</kw>
<status status="PASS" starttime="20231115 19:46:41.181" endtime="20231115 19:46:41.921"/>
</kw>
<kw name="Set Password">
<arg>kalle123</arg>
<kw name="Input Password" library="SeleniumLibrary">
<arg>password</arg>
<arg>${password}</arg>
<doc>Types the given password into the text field identified by ``locator``.</doc>
<msg timestamp="20231115 19:46:41.923" level="INFO">Typing password into text field 'password'.</msg>
<msg timestamp="20231115 19:46:42.371" level="INFO">Temporally setting log level to: NONE</msg>
<msg timestamp="20231115 19:46:42.615" level="INFO">Log level changed from NONE to INFO.</msg>
<status status="PASS" starttime="20231115 19:46:41.922" endtime="20231115 19:46:42.615"/>
</kw>
<status status="PASS" starttime="20231115 19:46:41.922" endtime="20231115 19:46:42.615"/>
</kw>
<kw name="Set PasswordC">
<arg>kalle123</arg>
<kw name="Input Text" library="SeleniumLibrary">
<arg>password_confirmation</arg>
<arg>${password_confirmation}</arg>
<doc>Types the given ``text`` into the text field identified by ``locator``.</doc>
<msg timestamp="20231115 19:46:42.617" level="INFO">Typing text 'kalle123' into text field 'password_confirmation'.</msg>
<status status="PASS" starttime="20231115 19:46:42.616" endtime="20231115 19:46:43.302"/>
</kw>
<status status="PASS" starttime="20231115 19:46:42.615" endtime="20231115 19:46:43.302"/>
</kw>
<kw name="Submit Credentials">
<kw name="Click Button" library="SeleniumLibrary">
<arg>Register</arg>
<doc>Clicks the button identified by ``locator``.</doc>
<msg timestamp="20231115 19:46:43.304" level="INFO">Clicking button 'Register'.</msg>
<status status="PASS" starttime="20231115 19:46:43.303" endtime="20231115 19:46:44.205"/>
</kw>
<status status="PASS" starttime="20231115 19:46:43.303" endtime="20231115 19:46:44.206"/>
</kw>
<kw name="Registration Should Succeed">
<kw name="Logged In Should Be Open" library="resource">
<kw name="Title Should Be" library="SeleniumLibrary">
<arg>Welcome to Ohtu Application!</arg>
<doc>Verifies that the current page title equals ``title``.</doc>
<msg timestamp="20231115 19:46:44.416" level="INFO">Page title is 'Welcome to Ohtu Application!'.</msg>
<status status="PASS" starttime="20231115 19:46:44.207" endtime="20231115 19:46:44.416"/>
</kw>
<status status="PASS" starttime="20231115 19:46:44.206" endtime="20231115 19:46:44.416"/>
</kw>
<status status="PASS" starttime="20231115 19:46:44.206" endtime="20231115 19:46:44.416"/>
</kw>
<status status="PASS" starttime="20231115 19:46:40.904" endtime="20231115 19:46:44.417"/>
</test>
<test id="s1-t2" name="Register With Too Short Username And Valid Password" line="15">
<kw name="Go To Register Page" library="resource" type="SETUP">
<kw name="Go To" library="SeleniumLibrary">
<arg>${REGISTER_URL}</arg>
<doc>Navigates the current browser window to the provided ``url``.</doc>
<msg timestamp="20231115 19:46:44.419" level="INFO">Opening url 'http://localhost:5001/register'</msg>
<status status="PASS" starttime="20231115 19:46:44.419" endtime="20231115 19:46:44.639"/>
</kw>
<status status="PASS" starttime="20231115 19:46:44.418" endtime="20231115 19:46:44.639"/>
</kw>
<kw name="Set Username">
<arg>a</arg>
<kw name="Input Text" library="SeleniumLibrary">
<arg>username</arg>
<arg>${username}</arg>
<doc>Types the given ``text`` into the text field identified by ``locator``.</doc>
<msg timestamp="20231115 19:46:44.641" level="INFO">Typing text 'a' into text field 'username'.</msg>
<status status="PASS" starttime="20231115 19:46:44.640" endtime="20231115 19:46:45.339"/>
</kw>
<status status="PASS" starttime="20231115 19:46:44.640" endtime="20231115 19:46:45.339"/>
</kw>
<kw name="Set Password">
<arg>kalle123</arg>
<kw name="Input Password" library="SeleniumLibrary">
<arg>password</arg>
<arg>${password}</arg>
<doc>Types the given password into the text field identified by ``locator``.</doc>
<msg timestamp="20231115 19:46:45.341" level="INFO">Typing password into text field 'password'.</msg>
<msg timestamp="20231115 19:46:45.773" level="INFO">Temporally setting log level to: NONE</msg>
<msg timestamp="20231115 19:46:46.002" level="INFO">Log level changed from NONE to INFO.</msg>
<status status="PASS" starttime="20231115 19:46:45.340" endtime="20231115 19:46:46.002"/>
</kw>
<status status="PASS" starttime="20231115 19:46:45.339" endtime="20231115 19:46:46.002"/>
</kw>
<kw name="Set PasswordC">
<arg>kalle123</arg>
<kw name="Input Text" library="SeleniumLibrary">
<arg>password_confirmation</arg>
<arg>${password_confirmation}</arg>
<doc>Types the given ``text`` into the text field identified by ``locator``.</doc>
<msg timestamp="20231115 19:46:46.004" level="INFO">Typing text 'kalle123' into text field 'password_confirmation'.</msg>
<status status="PASS" starttime="20231115 19:46:46.003" endtime="20231115 19:46:46.693"/>
</kw>
<status status="PASS" starttime="20231115 19:46:46.002" endtime="20231115 19:46:46.693"/>
</kw>
<kw name="Submit Credentials">
<kw name="Click Button" library="SeleniumLibrary">
<arg>Register</arg>
<doc>Clicks the button identified by ``locator``.</doc>
<msg timestamp="20231115 19:46:46.694" level="INFO">Clicking button 'Register'.</msg>
<status status="PASS" starttime="20231115 19:46:46.694" endtime="20231115 19:46:47.541"/>
</kw>
<status status="PASS" starttime="20231115 19:46:46.694" endtime="20231115 19:46:47.541"/>
</kw>
<kw name="Page Should Contain" library="SeleniumLibrary">
<arg>Username must be at least 3 characters long and contain only letters</arg>
<doc>Verifies that current page contains ``text``.</doc>
<msg timestamp="20231115 19:46:47.952" level="INFO">Current page contains text 'Username must be at least 3 characters long and contain only letters'.</msg>
<status status="PASS" starttime="20231115 19:46:47.541" endtime="20231115 19:46:47.952"/>
</kw>
<status status="PASS" starttime="20231115 19:46:44.417" endtime="20231115 19:46:47.953"/>
</test>
<test id="s1-t3" name="Register With Valid Username And Invalid Password" line="22">
<kw name="Go To Register Page" library="resource" type="SETUP">
<kw name="Go To" library="SeleniumLibrary">
<arg>${REGISTER_URL}</arg>
<doc>Navigates the current browser window to the provided ``url``.</doc>
<msg timestamp="20231115 19:46:47.955" level="INFO">Opening url 'http://localhost:5001/register'</msg>
<status status="PASS" starttime="20231115 19:46:47.955" endtime="20231115 19:46:48.173"/>
</kw>
<status status="PASS" starttime="20231115 19:46:47.954" endtime="20231115 19:46:48.174"/>
</kw>
<kw name="Set Username">
<arg>aaaa</arg>
<kw name="Input Text" library="SeleniumLibrary">
<arg>username</arg>
<arg>${username}</arg>
<doc>Types the given ``text`` into the text field identified by ``locator``.</doc>
<msg timestamp="20231115 19:46:48.176" level="INFO">Typing text 'aaaa' into text field 'username'.</msg>
<status status="PASS" starttime="20231115 19:46:48.175" endtime="20231115 19:46:48.850"/>
</kw>
<status status="PASS" starttime="20231115 19:46:48.174" endtime="20231115 19:46:48.850"/>
</kw>
<kw name="Set Password">
<arg>kalleaaa</arg>
<kw name="Input Password" library="SeleniumLibrary">
<arg>password</arg>
<arg>${password}</arg>
<doc>Types the given password into the text field identified by ``locator``.</doc>
<msg timestamp="20231115 19:46:48.852" level="INFO">Typing password into text field 'password'.</msg>
<msg timestamp="20231115 19:46:49.285" level="INFO">Temporally setting log level to: NONE</msg>
<msg timestamp="20231115 19:46:49.526" level="INFO">Log level changed from NONE to INFO.</msg>
<status status="PASS" starttime="20231115 19:46:48.851" endtime="20231115 19:46:49.527"/>
</kw>
<status status="PASS" starttime="20231115 19:46:48.851" endtime="20231115 19:46:49.527"/>
</kw>
<kw name="Set PasswordC">
<arg>kalleaaa</arg>
<kw name="Input Text" library="SeleniumLibrary">
<arg>password_confirmation</arg>
<arg>${password_confirmation}</arg>
<doc>Types the given ``text`` into the text field identified by ``locator``.</doc>
<msg timestamp="20231115 19:46:49.529" level="INFO">Typing text 'kalleaaa' into text field 'password_confirmation'.</msg>
<status status="PASS" starttime="20231115 19:46:49.528" endtime="20231115 19:46:50.209"/>
</kw>
<status status="PASS" starttime="20231115 19:46:49.527" endtime="20231115 19:46:50.209"/>
</kw>
<kw name="Submit Credentials">
<kw name="Click Button" library="SeleniumLibrary">
<arg>Register</arg>
<doc>Clicks the button identified by ``locator``.</doc>
<msg timestamp="20231115 19:46:50.211" level="INFO">Clicking button 'Register'.</msg>
<status status="PASS" starttime="20231115 19:46:50.210" endtime="20231115 19:46:51.089"/>
</kw>
<status status="PASS" starttime="20231115 19:46:50.209" endtime="20231115 19:46:51.089"/>
</kw>
<kw name="Page Should Contain" library="SeleniumLibrary">
<arg>Password needs to be at least 8 characters and contain number or special character</arg>
<doc>Verifies that current page contains ``text``.</doc>
<msg timestamp="20231115 19:46:51.518" level="INFO">Current page contains text 'Password needs to be at least 8 characters and contain number or special character'.</msg>
<status status="PASS" starttime="20231115 19:46:51.090" endtime="20231115 19:46:51.519"/>
</kw>
<status status="PASS" starttime="20231115 19:46:47.953" endtime="20231115 19:46:51.519"/>
</test>
<test id="s1-t4" name="Register With Nonmatching Password And Password Confirmation" line="30">
<kw name="Go To Register Page" library="resource" type="SETUP">
<kw name="Go To" library="SeleniumLibrary">
<arg>${REGISTER_URL}</arg>
<doc>Navigates the current browser window to the provided ``url``.</doc>
<msg timestamp="20231115 19:46:51.522" level="INFO">Opening url 'http://localhost:5001/register'</msg>
<status status="PASS" starttime="20231115 19:46:51.521" endtime="20231115 19:46:51.743"/>
</kw>
<status status="PASS" starttime="20231115 19:46:51.521" endtime="20231115 19:46:51.743"/>
</kw>
<kw name="Set Username">
<arg>aaaa</arg>
<kw name="Input Text" library="SeleniumLibrary">
<arg>username</arg>
<arg>${username}</arg>
<doc>Types the given ``text`` into the text field identified by ``locator``.</doc>
<msg timestamp="20231115 19:46:51.745" level="INFO">Typing text 'aaaa' into text field 'username'.</msg>
<status status="PASS" starttime="20231115 19:46:51.744" endtime="20231115 19:46:52.430"/>
</kw>
<status status="PASS" starttime="20231115 19:46:51.743" endtime="20231115 19:46:52.430"/>
</kw>
<kw name="Set Password">
<arg>aa123456</arg>
<kw name="Input Password" library="SeleniumLibrary">
<arg>password</arg>
<arg>${password}</arg>
<doc>Types the given password into the text field identified by ``locator``.</doc>
<msg timestamp="20231115 19:46:52.432" level="INFO">Typing password into text field 'password'.</msg>
<msg timestamp="20231115 19:46:52.887" level="INFO">Temporally setting log level to: NONE</msg>
<msg timestamp="20231115 19:46:53.136" level="INFO">Log level changed from NONE to INFO.</msg>
<status status="PASS" starttime="20231115 19:46:52.431" endtime="20231115 19:46:53.137"/>
</kw>
<status status="PASS" starttime="20231115 19:46:52.430" endtime="20231115 19:46:53.137"/>
</kw>
<kw name="Set PasswordC">
<arg>aa654321</arg>
<kw name="Input Text" library="SeleniumLibrary">
<arg>password_confirmation</arg>
<arg>${password_confirmation}</arg>
<doc>Types the given ``text`` into the text field identified by ``locator``.</doc>
<msg timestamp="20231115 19:46:53.139" level="INFO">Typing text 'aa654321' into text field 'password_confirmation'.</msg>
<status status="PASS" starttime="20231115 19:46:53.138" endtime="20231115 19:46:53.831"/>
</kw>
<status status="PASS" starttime="20231115 19:46:53.137" endtime="20231115 19:46:53.831"/>
</kw>
<kw name="Submit Credentials">
<kw name="Click Button" library="SeleniumLibrary">
<arg>Register</arg>
<doc>Clicks the button identified by ``locator``.</doc>
<msg timestamp="20231115 19:46:53.833" level="INFO">Clicking button 'Register'.</msg>
<status status="PASS" starttime="20231115 19:46:53.832" endtime="20231115 19:46:54.709"/>
</kw>
<status status="PASS" starttime="20231115 19:46:53.832" endtime="20231115 19:46:54.710"/>
</kw>
<kw name="Page Should Contain" library="SeleniumLibrary">
<arg>Passwords don't match</arg>
<doc>Verifies that current page contains ``text``.</doc>
<msg timestamp="20231115 19:46:55.141" level="INFO">Current page contains text 'Passwords don't match'.</msg>
<status status="PASS" starttime="20231115 19:46:54.710" endtime="20231115 19:46:55.141"/>
</kw>
<status status="PASS" starttime="20231115 19:46:51.520" endtime="20231115 19:46:55.142"/>
</test>
<test id="s1-t5" name="Login After Successful Registration" line="37">
<kw name="Go To Register Page" library="resource" type="SETUP">
<kw name="Go To" library="SeleniumLibrary">
<arg>${REGISTER_URL}</arg>
<doc>Navigates the current browser window to the provided ``url``.</doc>
<msg timestamp="20231115 19:46:55.144" level="INFO">Opening url 'http://localhost:5001/register'</msg>
<status status="PASS" starttime="20231115 19:46:55.143" endtime="20231115 19:46:55.364"/>
</kw>
<status status="PASS" starttime="20231115 19:46:55.143" endtime="20231115 19:46:55.364"/>
</kw>
<kw name="Set Username">
<arg>aaaa</arg>
<kw name="Input Text" library="SeleniumLibrary">
<arg>username</arg>
<arg>${username}</arg>
<doc>Types the given ``text`` into the text field identified by ``locator``.</doc>
<msg timestamp="20231115 19:46:55.366" level="INFO">Typing text 'aaaa' into text field 'username'.</msg>
<status status="PASS" starttime="20231115 19:46:55.365" endtime="20231115 19:46:56.045"/>
</kw>
<status status="PASS" starttime="20231115 19:46:55.364" endtime="20231115 19:46:56.046"/>
</kw>
<kw name="Set Password">
<arg>aa123456</arg>
<kw name="Input Password" library="SeleniumLibrary">
<arg>password</arg>
<arg>${password}</arg>
<doc>Types the given password into the text field identified by ``locator``.</doc>
<msg timestamp="20231115 19:46:56.048" level="INFO">Typing password into text field 'password'.</msg>
<msg timestamp="20231115 19:46:56.489" level="INFO">Temporally setting log level to: NONE</msg>
<msg timestamp="20231115 19:46:56.729" level="INFO">Log level changed from NONE to INFO.</msg>
<status status="PASS" starttime="20231115 19:46:56.046" endtime="20231115 19:46:56.729"/>
</kw>
<status status="PASS" starttime="20231115 19:46:56.046" endtime="20231115 19:46:56.729"/>
</kw>
<kw name="Set PasswordC">
<arg>aa123456</arg>
<kw name="Input Text" library="SeleniumLibrary">
<arg>password_confirmation</arg>
<arg>${password_confirmation}</arg>
<doc>Types the given ``text`` into the text field identified by ``locator``.</doc>
<msg timestamp="20231115 19:46:56.731" level="INFO">Typing text 'aa123456' into text field 'password_confirmation'.</msg>
<status status="PASS" starttime="20231115 19:46:56.730" endtime="20231115 19:46:57.431"/>
</kw>
<status status="PASS" starttime="20231115 19:46:56.729" endtime="20231115 19:46:57.432"/>
</kw>
<kw name="Submit Credentials">
<kw name="Click Button" library="SeleniumLibrary">
<arg>Register</arg>
<doc>Clicks the button identified by ``locator``.</doc>
<msg timestamp="20231115 19:46:57.433" level="INFO">Clicking button 'Register'.</msg>
<status status="PASS" starttime="20231115 19:46:57.433" endtime="20231115 19:46:58.310"/>
</kw>
<status status="PASS" starttime="20231115 19:46:57.432" endtime="20231115 19:46:58.310"/>
</kw>
<kw name="Successful Login">
<kw name="Go To Logged In Page" library="resource">
<kw name="Go To" library="SeleniumLibrary">
<arg>${LOGGED_IN_URL}</arg>
<doc>Navigates the current browser window to the provided ``url``.</doc>
<msg timestamp="20231115 19:46:58.312" level="INFO">Opening url 'http://localhost:5001/ohtu'</msg>
<status status="PASS" starttime="20231115 19:46:58.312" endtime="20231115 19:46:58.536"/>
</kw>
<status status="PASS" starttime="20231115 19:46:58.311" endtime="20231115 19:46:58.536"/>
</kw>
<status status="PASS" starttime="20231115 19:46:58.311" endtime="20231115 19:46:58.536"/>
</kw>
<kw name="Logout">
<kw name="Click Button" library="SeleniumLibrary">
<arg>Logout</arg>
<doc>Clicks the button identified by ``locator``.</doc>
<msg timestamp="20231115 19:46:58.538" level="INFO">Clicking button 'Logout'.</msg>
<status status="PASS" starttime="20231115 19:46:58.537" endtime="20231115 19:46:59.427"/>
</kw>
<status status="PASS" starttime="20231115 19:46:58.537" endtime="20231115 19:46:59.427"/>
</kw>
<kw name="Set Username">
<arg>aaaa</arg>
<kw name="Input Text" library="SeleniumLibrary">
<arg>username</arg>
<arg>${username}</arg>
<doc>Types the given ``text`` into the text field identified by ``locator``.</doc>
<msg timestamp="20231115 19:46:59.429" level="INFO">Typing text 'aaaa' into text field 'username'.</msg>
<status status="PASS" starttime="20231115 19:46:59.428" endtime="20231115 19:47:00.119"/>
</kw>
<status status="PASS" starttime="20231115 19:46:59.427" endtime="20231115 19:47:00.120"/>
</kw>
<kw name="Set Password">
<arg>aa123456</arg>
<kw name="Input Password" library="SeleniumLibrary">
<arg>password</arg>
<arg>${password}</arg>
<doc>Types the given password into the text field identified by ``locator``.</doc>
<msg timestamp="20231115 19:47:00.121" level="INFO">Typing password into text field 'password'.</msg>
<msg timestamp="20231115 19:47:00.570" level="INFO">Temporally setting log level to: NONE</msg>
<msg timestamp="20231115 19:47:00.813" level="INFO">Log level changed from NONE to INFO.</msg>
<status status="PASS" starttime="20231115 19:47:00.121" endtime="20231115 19:47:00.814"/>
</kw>
<status status="PASS" starttime="20231115 19:47:00.120" endtime="20231115 19:47:00.814"/>
</kw>
<kw name="Login">
<kw name="Click Button" library="SeleniumLibrary">
<arg>Login</arg>
<doc>Clicks the button identified by ``locator``.</doc>
<msg timestamp="20231115 19:47:00.816" level="INFO">Clicking button 'Login'.</msg>
<status status="PASS" starttime="20231115 19:47:00.815" endtime="20231115 19:47:01.700"/>
</kw>
<status status="PASS" starttime="20231115 19:47:00.814" endtime="20231115 19:47:01.700"/>
</kw>
<kw name="Login Should Succeed">
<kw name="Main Page Should Be Open" library="resource">
<kw name="Title Should Be" library="SeleniumLibrary">
<arg>Ohtu Application main page</arg>
<doc>Verifies that the current page title equals ``title``.</doc>
<msg timestamp="20231115 19:47:01.911" level="INFO">Page title is 'Ohtu Application main page'.</msg>
<status status="PASS" starttime="20231115 19:47:01.701" endtime="20231115 19:47:01.911"/>
</kw>
<status status="PASS" starttime="20231115 19:47:01.701" endtime="20231115 19:47:01.912"/>
</kw>
<status status="PASS" starttime="20231115 19:47:01.701" endtime="20231115 19:47:01.912"/>
</kw>
<status status="PASS" starttime="20231115 19:46:55.142" endtime="20231115 19:47:01.912"/>
</test>
<test id="s1-t6" name="Login After Failed Registration" line="49">
<kw name="Go To Register Page" library="resource" type="SETUP">
<kw name="Go To" library="SeleniumLibrary">
<arg>${REGISTER_URL}</arg>
<doc>Navigates the current browser window to the provided ``url``.</doc>
<msg timestamp="20231115 19:47:01.914" level="INFO">Opening url 'http://localhost:5001/register'</msg>
<status status="PASS" starttime="20231115 19:47:01.914" endtime="20231115 19:47:02.144"/>
</kw>
<status status="PASS" starttime="20231115 19:47:01.913" endtime="20231115 19:47:02.144"/>
</kw>
<kw name="Set Username">
<arg>a</arg>
<kw name="Input Text" library="SeleniumLibrary">
<arg>username</arg>
<arg>${username}</arg>
<doc>Types the given ``text`` into the text field identified by ``locator``.</doc>
<msg timestamp="20231115 19:47:02.146" level="INFO">Typing text 'a' into text field 'username'.</msg>
<status status="PASS" starttime="20231115 19:47:02.145" endtime="20231115 19:47:02.852"/>
</kw>
<status status="PASS" starttime="20231115 19:47:02.145" endtime="20231115 19:47:02.852"/>
</kw>
<kw name="Set Password">
<arg>aa123456</arg>
<kw name="Input Password" library="SeleniumLibrary">
<arg>password</arg>
<arg>${password}</arg>
<doc>Types the given password into the text field identified by ``locator``.</doc>
<msg timestamp="20231115 19:47:02.854" level="INFO">Typing password into text field 'password'.</msg>
<msg timestamp="20231115 19:47:03.301" level="INFO">Temporally setting log level to: NONE</msg>
<msg timestamp="20231115 19:47:03.545" level="INFO">Log level changed from NONE to INFO.</msg>
<status status="PASS" starttime="20231115 19:47:02.853" endtime="20231115 19:47:03.545"/>
</kw>
<status status="PASS" starttime="20231115 19:47:02.852" endtime="20231115 19:47:03.545"/>
</kw>
<kw name="Set PasswordC">
<arg>aa123456</arg>
<kw name="Input Text" library="SeleniumLibrary">
<arg>password_confirmation</arg>
<arg>${password_confirmation}</arg>
<doc>Types the given ``text`` into the text field identified by ``locator``.</doc>
<msg timestamp="20231115 19:47:03.547" level="INFO">Typing text 'aa123456' into text field 'password_confirmation'.</msg>
<status status="PASS" starttime="20231115 19:47:03.546" endtime="20231115 19:47:04.252"/>
</kw>
<status status="PASS" starttime="20231115 19:47:03.545" endtime="20231115 19:47:04.252"/>
</kw>
<kw name="Submit Credentials">
<kw name="Click Button" library="SeleniumLibrary">
<arg>Register</arg>
<doc>Clicks the button identified by ``locator``.</doc>
<msg timestamp="20231115 19:47:04.254" level="INFO">Clicking button 'Register'.</msg>
<status status="PASS" starttime="20231115 19:47:04.253" endtime="20231115 19:47:05.133"/>
</kw>
<status status="PASS" starttime="20231115 19:47:04.253" endtime="20231115 19:47:05.133"/>
</kw>
<kw name="Registration Failed">
<kw name="Go To Login Page" library="resource">
<kw name="Go To" library="SeleniumLibrary">
<arg>${LOGIN_URL}</arg>
<doc>Navigates the current browser window to the provided ``url``.</doc>
<msg timestamp="20231115 19:47:05.134" level="INFO">Opening url 'http://localhost:5001/login'</msg>
<status status="PASS" starttime="20231115 19:47:05.134" endtime="20231115 19:47:05.367"/>
</kw>
<status status="PASS" starttime="20231115 19:47:05.134" endtime="20231115 19:47:05.367"/>
</kw>
<status status="PASS" starttime="20231115 19:47:05.133" endtime="20231115 19:47:05.367"/>
</kw>
<kw name="Set Username">
<arg>a</arg>
<kw name="Input Text" library="SeleniumLibrary">
<arg>username</arg>
<arg>${username}</arg>
<doc>Types the given ``text`` into the text field identified by ``locator``.</doc>
<msg timestamp="20231115 19:47:05.369" level="INFO">Typing text 'a' into text field 'username'.</msg>
<status status="PASS" starttime="20231115 19:47:05.368" endtime="20231115 19:47:06.062"/>
</kw>
<status status="PASS" starttime="20231115 19:47:05.368" endtime="20231115 19:47:06.062"/>
</kw>
<kw name="Set Password">
<arg>aa123456</arg>
<kw name="Input Password" library="SeleniumLibrary">
<arg>password</arg>
<arg>${password}</arg>
<doc>Types the given password into the text field identified by ``locator``.</doc>
<msg timestamp="20231115 19:47:06.064" level="INFO">Typing password into text field 'password'.</msg>
<msg timestamp="20231115 19:47:06.513" level="INFO">Temporally setting log level to: NONE</msg>
<msg timestamp="20231115 19:47:06.774" level="INFO">Log level changed from NONE to INFO.</msg>
<status status="PASS" starttime="20231115 19:47:06.063" endtime="20231115 19:47:06.774"/>
</kw>
<status status="PASS" starttime="20231115 19:47:06.063" endtime="20231115 19:47:06.774"/>
</kw>
<kw name="Login">
<kw name="Click Button" library="SeleniumLibrary">
<arg>Login</arg>
<doc>Clicks the button identified by ``locator``.</doc>
<msg timestamp="20231115 19:47:06.776" level="INFO">Clicking button 'Login'.</msg>
<status status="PASS" starttime="20231115 19:47:06.775" endtime="20231115 19:47:07.684"/>
</kw>
<status status="PASS" starttime="20231115 19:47:06.774" endtime="20231115 19:47:07.685"/>
</kw>
<kw name="Page Should Contain" library="SeleniumLibrary">
<arg>Invalid username or password</arg>
<doc>Verifies that current page contains ``text``.</doc>
<msg timestamp="20231115 19:47:08.115" level="INFO">Current page contains text 'Invalid username or password'.</msg>
<status status="PASS" starttime="20231115 19:47:07.685" endtime="20231115 19:47:08.115"/>
</kw>
<status status="PASS" starttime="20231115 19:47:01.913" endtime="20231115 19:47:08.115"/>
</test>
<kw name="Close Browser" library="SeleniumLibrary" type="TEARDOWN">
<doc>Closes the current browser.</doc>
<status status="PASS" starttime="20231115 19:47:08.117" endtime="20231115 19:47:08.377"/>
</kw>
<status status="PASS" starttime="20231115 19:46:39.944" endtime="20231115 19:47:08.377"/>
</suite>
<statistics>
<total>
<stat pass="6" fail="0" skip="0">All Tests</stat>
</total>
<tag>
</tag>
<suite>
<stat pass="6" fail="0" skip="0" id="s1" name="Register">Register</stat>
</suite>
</statistics>
<errors>
</errors>
</robot>
